Using pre-set license
Built from '2021.1/staging' branch; Version is '2021.1.7f1 (d91830b65d9b) revision 14227504'; Using compiler version '192528614'; Build Type 'Release'
OS: 'Windows 10 Home; OS build 19042.928; Version 2009; 64bit' Language: 'pt' Physical Memory: 16235 MB
BatchMode: 1, IsHumanControllingUs: 0, StartBugReporterOnCrash: 0, Is64bit: 1, IsPro: 0

 COMMAND LINE ARGUMENTS:
C:\Program Files\Unity\Hub\Editor\2021.1.7f1\Editor\Unity.exe
-adb2
-batchMode
-noUpm
-name
AssetImportWorker0
-projectPath
C:/Users/luraf/OneDrive/Ambiente de Trabalho/IPCA/DJA/UnityProjs/GameDJA/EltonJohnFishCrustCrusaders
-logFile
Logs/AssetImportWorker0.log
-srvPort
59708
Successfully changed project path to: C:/Users/luraf/OneDrive/Ambiente de Trabalho/IPCA/DJA/UnityProjs/GameDJA/EltonJohnFishCrustCrusaders
C:/Users/luraf/OneDrive/Ambiente de Trabalho/IPCA/DJA/UnityProjs/GameDJA/EltonJohnFishCrustCrusaders
Using Asset Import Pipeline V2.
Refreshing native plugins compatible for Editor in 99.32 ms, found 0 plugins.
Preloading 0 native plugins for Editor in 0.00 ms.
Initialize engine version: 2021.1.7f1 (d91830b65d9b)
[Subsystems] Discovering subsystems at path C:/Program Files/Unity/Hub/Editor/2021.1.7f1/Editor/Data/Resources/UnitySubsystems
[Subsystems] Discovering subsystems at path C:/Users/luraf/OneDrive/Ambiente de Trabalho/IPCA/DJA/UnityProjs/GameDJA/EltonJohnFishCrustCrusaders/Assets
GfxDevice: creating device client; threaded=0; jobified=0
Direct3D:
    Version:  Direct3D 11.0 [level 11.1]
    Renderer: NVIDIA GeForce GTX 1650 (ID=0x1f91)
    Vendor:   NVIDIA
    VRAM:     3962 MB
    Driver:   27.21.14.6089
Initialize mono
Mono path[0] = 'C:/Program Files/Unity/Hub/Editor/2021.1.7f1/Editor/Data/Managed'
Mono path[1] = 'C:/Program Files/Unity/Hub/Editor/2021.1.7f1/Editor/Data/MonoBleedingEdge/lib/mono/unityjit'
Mono config path = 'C:/Program Files/Unity/Hub/Editor/2021.1.7f1/Editor/Data/MonoBleedingEdge/etc'
Using monoOptions --debugger-agent=transport=dt_socket,embedding=1,server=y,suspend=n,address=127.0.0.1:56216
Begin MonoManager ReloadAssembly
Registering precompiled unity dll's ...
Register platform support module: C:/Program Files/Unity/Hub/Editor/2021.1.7f1/Editor/Data/PlaybackEngines/WindowsStandaloneSupport/UnityEditor.WindowsStandalone.Extensions.dll
Registered in 0.002320 seconds.
Native extension for WindowsStandalone target not found
Refreshing native plugins compatible for Editor in 46.33 ms, found 0 plugins.
Preloading 0 native plugins for Editor in 0.00 ms.
Mono: successfully reloaded assembly
- Completed reload, in  1.399 seconds
Platform modules already initialized, skipping
Registering precompiled user dll's ...
Registered in 0.002749 seconds.
Begin MonoManager ReloadAssembly
Native extension for WindowsStandalone target not found
Refreshing native plugins compatible for Editor in 0.59 ms, found 0 plugins.
Preloading 0 native plugins for Editor in 0.00 ms.
Mono: successfully reloaded assembly
- Completed reload, in  0.948 seconds
Platform modules already initialized, skipping
========================================================================
Worker process is ready to serve import requests
Launched and connected shader compiler UnityShaderCompiler.exe after 0.09 seconds
Refreshing native plugins compatible for Editor in 0.62 ms, found 0 plugins.
Preloading 0 native plugins for Editor in 0.00 ms.
Unloading 1827 Unused Serialized files (Serialized files now loaded: 0)
System memory in use before: 105.9 MB.
System memory in use after: 105.7 MB.

Unloading 51 unused Assets to reduce memory usage. Loaded Objects now: 2284.
Total: 5.626700 ms (FindLiveObjects: 0.136700 ms CreateObjectMapping: 0.055700 ms MarkObjects: 4.982000 ms  DeleteObjects: 0.451400 ms)

========================================================================
Received Import Request.
  path: Assets/Level03.unity
  artifactKey: Guid(ac6c4b16cbe6ec749b739006646c2c75) Importer(815301076,1909f56bfc062723c751e8b465ee728b)
Start importing Assets/Level03.unity using Guid(ac6c4b16cbe6ec749b739006646c2c75) Importer(815301076,1909f56bfc062723c751e8b465ee728b)  -> (artifact id: '5282d7d827f95444237c4c1b0e1cabe3') in 0.018639 seconds 
========================================================================
Received Prepare
Refreshing native plugins compatible for Editor in 10.63 ms, found 0 plugins.
Preloading 0 native plugins for Editor in 0.00 ms.
Unloading 40 Unused Serialized files (Serialized files now loaded: 0)
System memory in use before: 68.0 MB.
System memory in use after: 67.7 MB.

Unloading 40 unused Assets to reduce memory usage. Loaded Objects now: 2284.
Total: 6.046100 ms (FindLiveObjects: 0.186800 ms CreateObjectMapping: 0.066800 ms MarkObjects: 5.492200 ms  DeleteObjects: 0.299600 ms)

AssetImportWorkerClient::OnTransportError - code=2 error=End of file
